[0.000000] (-) TimerEvent: {}
[0.000087] (p5_vff_yolo) JobQueued: {'identifier': 'p5_vff_yolo', 'dependencies': OrderedDict()}
[0.000117] (p5_vff_yolo) JobStarted: {'identifier': 'p5_vff_yolo'}
[0.099464] (-) TimerEvent: {}
[0.199968] (-) TimerEvent: {}
[0.300186] (-) TimerEvent: {}
[0.400401] (-) TimerEvent: {}
[0.500618] (-) TimerEvent: {}
[0.600813] (-) TimerEvent: {}
[0.701015] (-) TimerEvent: {}
[0.801238] (-) TimerEvent: {}
[0.901445] (-) TimerEvent: {}
[1.001639] (-) TimerEvent: {}
[1.101821] (-) TimerEvent: {}
[1.202141] (-) TimerEvent: {}
[1.302712] (-) TimerEvent: {}
[1.403126] (-) TimerEvent: {}
[1.503480] (-) TimerEvent: {}
[1.603792] (-) TimerEvent: {}
[1.704140] (-) TimerEvent: {}
[1.804374] (-) TimerEvent: {}
[1.904595] (-) TimerEvent: {}
[2.004860] (-) TimerEvent: {}
[2.105383] (-) TimerEvent: {}
[2.205602] (-) TimerEvent: {}
[2.305811] (-) TimerEvent: {}
[2.406011] (-) TimerEvent: {}
[2.506212] (-) TimerEvent: {}
[2.579110] (p5_vff_yolo) Command: {'cmd': ['/usr/bin/python3', '-W', 'ignore:setup.py install is deprecated', '-W', 'ignore:easy_install command is deprecated', 'setup.py', 'egg_info', '--egg-base', 'build/p5_vff_yolo', 'build', '--build-base', '/home/alumnos/angelfr/Descargas/ROBOTICA/PRACTICAS/p5-vff-yolo-optimus/p5_vff_yolo/build/p5_vff_yolo/build', 'install', '--record', '/home/alumnos/angelfr/Descargas/ROBOTICA/PRACTICAS/p5-vff-yolo-optimus/p5_vff_yolo/build/p5_vff_yolo/install.log', '--single-version-externally-managed', 'install_data'], 'cwd': '/home/alumnos/angelfr/Descargas/ROBOTICA/PRACTICAS/p5-vff-yolo-optimus/p5_vff_yolo', 'env': {'VNCDESKTOP': 'f-l3109-pc40.aulas.eif.urjc.es:1 (angelfr)', 'GZ_SIM_RESOURCE_PATH': '/home/alumnos/angelfr/kobuki_ws/install/aws_robomaker_small_warehouse_world/share/aws_robomaker_small_warehouse_world/worlds:/home/alumnos/angelfr/kobuki_ws/install/aws_robomaker_small_warehouse_world/share/aws_robomaker_small_warehouse_world/models:/home/alumnos/angelfr/kobuki_ws/install/aws_robomaker_small_house_world/share/aws_robomaker_small_house_world/worlds:/home/alumnos/angelfr/kobuki_ws/install/aws_robomaker_small_house_world/share/aws_robomaker_small_house_world/models:/home/alumnos/angelfr/kobuki_ws/install/aws_robomaker_bookstore_world/share/aws_robomaker_bookstore_world/worlds:/home/alumnos/angelfr/kobuki_ws/install/aws_robomaker_bookstore_world/share/aws_robomaker_bookstore_world/models', 'USER': 'angelfr', 'SSH_CLIENT': '193.147.79.63 59834 22', 'GZ_CONFIG_PATH': '/opt/ros/jazzy/opt/gz_sim_vendor/share/gz:/opt/ros/jazzy/opt/sdformat_vendor/share/gz:/opt/ros/jazzy/opt/gz_gui_vendor/share/gz:/opt/ros/jazzy/opt/gz_transport_vendor/share/gz:/opt/ros/jazzy/opt/gz_rendering_vendor/share/gz:/opt/ros/jazzy/opt/gz_plugin_vendor/share/gz:/opt/ros/jazzy/opt/gz_fuel_tools_vendor/share/gz:/opt/ros/jazzy/opt/gz_msgs_vendor/share/gz:/opt/ros/jazzy/opt/gz_common_vendor/share/gz', 'SSH_AGENT_PID': '432299', 'XDG_SESSION_TYPE': 'x11', 'CLUTTER_DISABLE_MIPMAPPED_TEXT': '1', 'SHLVL': '1', 'LD_LIBRARY_PATH': '/home/alumnos/angelfr/kobuki_ws/install/openni2_camera/lib:/home/alumnos/angelfr/kobuki_ws/install/kobuki_safety_controller/lib:/home/alumnos/angelfr/kobuki_ws/install/kobuki_random_walker/lib:/home/alumnos/angelfr/kobuki_ws/install/kobuki_node/lib:/home/alumnos/angelfr/kobuki_ws/install/kobuki_keyop/lib:/home/alumnos/angelfr/kobuki_ws/install/kobuki_auto_docking/lib:/home/alumnos/angelfr/kobuki_ws/install/kobuki_core/lib:/home/alumnos/angelfr/kobuki_ws/install/kobuki_bumper2pc/lib:/home/alumnos/angelfr/kobuki_ws/install/ecl_streams/lib:/home/alumnos/angelfr/kobuki_ws/install/ecl_ipc/lib:/home/alumnos/angelfr/kobuki_ws/install/ecl_devices/lib:/home/alumnos/angelfr/kobuki_ws/install/ecl_threads/lib:/home/alumnos/angelfr/kobuki_ws/install/ecl_mobile_robot/lib:/home/alumnos/angelfr/kobuki_ws/install/ecl_geometry/lib:/home/alumnos/angelfr/kobuki_ws/install/ecl_statistics/lib:/home/alumnos/angelfr/kobuki_ws/install/ecl_linear_algebra/lib:/home/alumnos/angelfr/kobuki_ws/install/ecl_formatters/lib:/home/alumnos/angelfr/kobuki_ws/install/ecl_type_traits/lib:/home/alumnos/angelfr/kobuki_ws/install/ecl_time/lib:/home/alumnos/angelfr/kobuki_ws/install/ecl_time_lite/lib:/home/alumnos/angelfr/kobuki_ws/install/ecl_io/lib:/home/alumnos/angelfr/kobuki_ws/install/ecl_exceptions/lib:/home/alumnos/angelfr/kobuki_ws/install/ecl_errors/lib:/home/alumnos/angelfr/kobuki_ws/install/astra_camera_msgs/lib:/opt/ros/jazzy/opt/gz_sim_vendor/lib:/opt/ros/jazzy/opt/gz_sensors_vendor/lib:/opt/ros/jazzy/opt/gz_physics_vendor/lib:/opt/ros/jazzy/opt/sdformat_vendor/lib:/opt/ros/jazzy/opt/rviz_ogre_vendor/lib:/opt/ros/jazzy/lib/x86_64-linux-gnu:/opt/ros/jazzy/opt/gz_gui_vendor/lib:/opt/ros/jazzy/opt/gz_transport_vendor/lib:/opt/ros/jazzy/opt/gz_rendering_vendor/lib:/opt/ros/jazzy/opt/gz_plugin_vendor/lib:/opt/ros/jazzy/opt/gz_fuel_tools_vendor/lib:/opt/ros/jazzy/opt/gz_msgs_vendor/lib:/opt/ros/jazzy/opt/gz_common_vendor/lib:/opt/ros/jazzy/opt/gz_math_vendor/lib:/opt/ros/jazzy/opt/gz_utils_vendor/lib:/opt/ros/jazzy/opt/gz_tools_vendor/lib:/opt/ros/jazzy/opt/gz_ogre_next_vendor/lib:/opt/ros/jazzy/opt/gz_dartsim_vendor/lib:/opt/ros/jazzy/opt/gz_cmake_vendor/lib:/opt/ros/jazzy/lib', 'HOME': '/home/alumnos/angelfr', 'OLDPWD': '/home/alumnos/angelfr/Descargas/ROBOTICA/PRACTICAS/p5-vff-yolo-optimus', 'DESKTOP_SESSION': 'ubuntu', 'NVM_BIN': '/home/alumnos/angelfr/.nvm/versions/node/v20.20.1/bin', 'NVM_INC': '/home/alumnos/angelfr/.nvm/versions/node/v20.20.1/include/node', 'ROS_PYTHON_VERSION': '3', 'GNOME_SHELL_SESSION_MODE': 'ubuntu', 'GTK_MODULES': 'gail:atk-bridge', 'SYSTEMD_EXEC_PID': '432426', 'GSM_SKIP_SSH_AGENT_WORKAROUND': 'true', 'DBUS_SESSION_BUS_ADDRESS': 'unix:path=/run/user/10476/bus', 'COLORTERM': 'truecolor', 'NVM_DIR': '/home/alumnos/angelfr/.nvm', 'DEBUGINFOD_URLS': 'https://debuginfod.ubuntu.com', 'IM_CONFIG_PHASE': '1', 'COLCON_PREFIX_PATH': '/home/alumnos/angelfr/kobuki_ws/install', 'ROS_DISTRO': 'jazzy', 'LOGNAME': 'angelfr', 'IGN_GAZEBO_MODEL_PATH': '/opt/ros/jazzy/share', '_': '/usr/bin/colcon', 'ROS_VERSION': '2', 'MEMORY_PRESSURE_WATCH': '/sys/fs/cgroup/user.slice/user-10476.slice/user@10476.service/session.slice/org.gnome.Shell@x11.service/memory.pressure', 'XDG_SESSION_CLASS': 'user', 'TERM': 'xterm-256color', 'GAZEBO_MODEL_PATH': '/opt/ros/jazzy/share', 'GNOME_DESKTOP_SESSION_ID': 'this-is-deprecated', 'PATH': '/home/alumnos/angelfr/.nvm/versions/node/v20.20.1/bin:/home/alumnos/angelfr/kobuki_ws/install/kobuki_core/bin:/home/alumnos/angelfr/kobuki_ws/install/ecl_core_apps/bin:/home/alumnos/angelfr/kobuki_ws/install/ecl_type_traits/bin:/home/alumnos/angelfr/kobuki_ws/install/ecl_config/bin:/opt/ros/jazzy/opt/gz_msgs_vendor/bin:/opt/ros/jazzy/opt/gz_tools_vendor/bin:/opt/ros/jazzy/opt/gz_ogre_next_vendor/bin:/opt/ros/jazzy/bin:/usr/local/bin:/usr/bin:/bin:/usr/games:/usr/local/games:/usr/lib/go/bin:./', 'SESSION_MANAGER': 'local/f-l3109-pc40:@/tmp/.ICE-unix/432401,unix/f-l3109-pc40:/tmp/.ICE-unix/432401', 'XDG_MENU_PREFIX': 'gnome-', 'GNOME_TERMINAL_SCREEN': '/org/gnome/Terminal/screen/c513b1aa_83e7_4f26_8dc0_55d5887e8b85', 'XDG_RUNTIME_DIR': '/run/user/10476', 'DISPLAY': ':1', 'LANG': 'es_ES.UTF-8', 'XDG_CURRENT_DESKTOP': 'ubuntu:GNOME', 'XMODIFIERS': '@im=ibus', 'XDG_SESSION_DESKTOP': 'ubuntu', 'GNOME_TERMINAL_SERVICE': ':1.101', 'SSH_AUTH_SOCK': '/run/user/10476/keyring/ssh', 'ROS_DOMAIN_ID': '76', 'AMENT_PREFIX_PATH': '/home/alumnos/angelfr/kobuki_ws/install/tf_triangulo:/home/alumnos/angelfr/kobuki_ws/install/teleop_reactivo:/home/alumnos/angelfr/kobuki_ws/install/kobuki:/home/alumnos/angelfr/kobuki_ws/install/rplidar_ros:/home/alumnos/angelfr/kobuki_ws/install/openni2_camera:/home/alumnos/angelfr/kobuki_ws/install/kobuki_ros:/home/alumnos/angelfr/kobuki_ws/install/kobuki_safety_controller:/home/alumnos/angelfr/kobuki_ws/install/kobuki_random_walker:/home/alumnos/angelfr/kobuki_ws/install/kobuki_node:/home/alumnos/angelfr/kobuki_ws/install/kobuki_keyop:/home/alumnos/angelfr/kobuki_ws/install/kobuki_description:/home/alumnos/angelfr/kobuki_ws/install/kobuki_auto_docking:/home/alumnos/angelfr/kobuki_ws/install/kobuki_core:/home/alumnos/angelfr/kobuki_ws/install/kobuki_bumper2pc:/home/alumnos/angelfr/kobuki_ws/install/fsm_bump_go_laser:/home/alumnos/angelfr/kobuki_ws/install/ecl_core:/home/alumnos/angelfr/kobuki_ws/install/ecl_core_apps:/home/alumnos/angelfr/kobuki_ws/install/ecl_streams:/home/alumnos/angelfr/kobuki_ws/install/ecl_sigslots:/home/alumnos/angelfr/kobuki_ws/install/ecl_ipc:/home/alumnos/angelfr/kobuki_ws/install/ecl_devices:/home/alumnos/angelfr/kobuki_ws/install/ecl_threads:/home/alumnos/angelfr/kobuki_ws/install/ecl_mobile_robot:/home/alumnos/angelfr/kobuki_ws/install/ecl_geometry:/home/alumnos/angelfr/kobuki_ws/install/ecl_containers:/home/alumnos/angelfr/kobuki_ws/install/ecl_utilities:/home/alumnos/angelfr/kobuki_ws/install/ecl_statistics:/home/alumnos/angelfr/kobuki_ws/install/ecl_linear_algebra:/home/alumnos/angelfr/kobuki_ws/install/ecl_math:/home/alumnos/angelfr/kobuki_ws/install/ecl_formatters:/home/alumnos/angelfr/kobuki_ws/install/ecl_converters:/home/alumnos/angelfr/kobuki_ws/install/ecl_concepts:/home/alumnos/angelfr/kobuki_ws/install/ecl_type_traits:/home/alumnos/angelfr/kobuki_ws/install/ecl_time:/home/alumnos/angelfr/kobuki_ws/install/ecl_lite:/home/alumnos/angelfr/kobuki_ws/install/ecl_time_lite:/home/alumnos/angelfr/kobuki_ws/install/ecl_sigslots_lite:/home/alumnos/angelfr/kobuki_ws/install/ecl_mpl:/home/alumnos/angelfr/kobuki_ws/install/ecl_io:/home/alumnos/angelfr/kobuki_ws/install/ecl_exceptions:/home/alumnos/angelfr/kobuki_ws/install/ecl_errors:/home/alumnos/angelfr/kobuki_ws/install/ecl_eigen:/home/alumnos/angelfr/kobuki_ws/install/ecl_converters_lite:/home/alumnos/angelfr/kobuki_ws/install/ecl_console:/home/alumnos/angelfr/kobuki_ws/install/ecl_config:/home/alumnos/angelfr/kobuki_ws/install/ecl_command_line:/home/alumnos/angelfr/kobuki_ws/install/aws_robomaker_small_warehouse_world:/home/alumnos/angelfr/kobuki_ws/install/aws_robomaker_small_house_world:/home/alumnos/angelfr/kobuki_ws/install/aws_robomaker_racetrack_world:/home/alumnos/angelfr/kobuki_ws/install/aws_robomaker_bookstore_world:/home/alumnos/angelfr/kobuki_ws/install/astra_camera_msgs:/opt/ros/jazzy', 'SHELL': '/bin/bash', 'QT_ACCESSIBILITY': '1', 'GZ_SIM_MODEL_PATH': '/home/alumnos/angelfr/kobuki_ws/install/aws_robomaker_small_warehouse_world/share/aws_robomaker_small_warehouse_world/worlds:/home/alumnos/angelfr/kobuki_ws/install/aws_robomaker_small_warehouse_world/share/aws_robomaker_small_warehouse_world/models:/home/alumnos/angelfr/kobuki_ws/install/aws_robomaker_small_house_world/share/aws_robomaker_small_house_world/worlds:/home/alumnos/angelfr/kobuki_ws/install/aws_robomaker_small_house_world/share/aws_robomaker_small_house_world/models:/home/alumnos/angelfr/kobuki_ws/install/aws_robomaker_bookstore_world/share/aws_robomaker_bookstore_world/worlds:/home/alumnos/angelfr/kobuki_ws/install/aws_robomaker_bookstore_world/share/aws_robomaker_bookstore_world/models', 'GDMSESSION': 'ubuntu', 'IGN_GAZEBO_RESOURCE_PATH': '/opt/ros/jazzy/share', 'GPG_AGENT_INFO': '/run/user/10476/gnupg/S.gpg-agent:0:1', 'GAZEBO_RESOURCE_PATH': '/opt/ros/jazzy/share', 'ROS_AUTOMATIC_DISCOVERY_RANGE': 'SUBNET', 'QT_IM_MODULE': 'ibus', 'PWD': '/home/alumnos/angelfr/Descargas/ROBOTICA/PRACTICAS/p5-vff-yolo-optimus/p5_vff_yolo/build/p5_vff_yolo', 'XDG_CONFIG_DIRS': '/etc/xdg/xdg-ubuntu:/etc/xdg', 'SSH_CONNECTION': '193.147.79.63 59834 212.128.255.54 22', 'NVM_CD_FLAGS': '', 'XDG_DATA_DIRS': '/usr/share/ubuntu:/usr/share/gnome:/usr/local/share/:/usr/share/', 'QTWEBENGINE_DICTIONARIES_PATH': '/usr/share/hunspell-bdic/', 'PYTHONPATH': '/home/alumnos/angelfr/Descargas/ROBOTICA/PRACTICAS/p5-vff-yolo-optimus/p5_vff_yolo/build/p5_vff_yolo/prefix_override:/usr/lib/python3/dist-packages/colcon_core/task/python/colcon_distutils_commands:/home/alumnos/angelfr/Descargas/ROBOTICA/PRACTICAS/p5-vff-yolo-optimus/p5_vff_yolo/install/p5_vff_yolo/lib/python3.12/site-packages:/home/alumnos/angelfr/kobuki_ws/build/tf_triangulo:/home/alumnos/angelfr/kobuki_ws/install/tf_triangulo/lib/python3.12/site-packages:/home/alumnos/angelfr/kobuki_ws/build/teleop_reactivo:/home/alumnos/angelfr/kobuki_ws/install/teleop_reactivo/lib/python3.12/site-packages:/home/alumnos/angelfr/kobuki_ws/install/openni2_camera/lib/python3.12/site-packages:/home/alumnos/angelfr/kobuki_ws/build/fsm_bump_go_laser:/home/alumnos/angelfr/kobuki_ws/install/fsm_bump_go_laser/lib/python3.12/site-packages:/home/alumnos/angelfr/kobuki_ws/install/astra_camera_msgs/lib/python3.12/site-packages:/opt/ros/jazzy/lib/python3.12/site-packages', 'COLCON': '1', 'MEMORY_PRESSURE_WRITE': 'c29tZSAyMDAwMDAgMjAwMDAwMAA=', 'VTE_VERSION': '7600', 'CMAKE_PREFIX_PATH': '/home/alumnos/angelfr/kobuki_ws/install/kobuki:/home/alumnos/angelfr/kobuki_ws/install/rplidar_ros:/home/alumnos/angelfr/kobuki_ws/install/openni2_camera:/home/alumnos/angelfr/kobuki_ws/install/kobuki_ros:/home/alumnos/angelfr/kobuki_ws/install/kobuki_safety_controller:/home/alumnos/angelfr/kobuki_ws/install/kobuki_random_walker:/home/alumnos/angelfr/kobuki_ws/install/kobuki_node:/home/alumnos/angelfr/kobuki_ws/install/kobuki_keyop:/home/alumnos/angelfr/kobuki_ws/install/kobuki_description:/home/alumnos/angelfr/kobuki_ws/install/kobuki_auto_docking:/home/alumnos/angelfr/kobuki_ws/install/kobuki_core:/home/alumnos/angelfr/kobuki_ws/install/kobuki_bumper2pc:/home/alumnos/angelfr/kobuki_ws/install/ecl_core:/home/alumnos/angelfr/kobuki_ws/install/ecl_core_apps:/home/alumnos/angelfr/kobuki_ws/install/ecl_streams:/home/alumnos/angelfr/kobuki_ws/install/ecl_sigslots:/home/alumnos/angelfr/kobuki_ws/install/ecl_ipc:/home/alumnos/angelfr/kobuki_ws/install/ecl_devices:/home/alumnos/angelfr/kobuki_ws/install/ecl_threads:/home/alumnos/angelfr/kobuki_ws/install/ecl_mobile_robot:/home/alumnos/angelfr/kobuki_ws/install/ecl_geometry:/home/alumnos/angelfr/kobuki_ws/install/ecl_containers:/home/alumnos/angelfr/kobuki_ws/install/ecl_utilities:/home/alumnos/angelfr/kobuki_ws/install/ecl_statistics:/home/alumnos/angelfr/kobuki_ws/install/ecl_linear_algebra:/home/alumnos/angelfr/kobuki_ws/install/ecl_math:/home/alumnos/angelfr/kobuki_ws/install/ecl_formatters:/home/alumnos/angelfr/kobuki_ws/install/ecl_converters:/home/alumnos/angelfr/kobuki_ws/install/ecl_concepts:/home/alumnos/angelfr/kobuki_ws/install/ecl_type_traits:/home/alumnos/angelfr/kobuki_ws/install/ecl_time:/home/alumnos/angelfr/kobuki_ws/install/ecl_lite:/home/alumnos/angelfr/kobuki_ws/install/ecl_time_lite:/home/alumnos/angelfr/kobuki_ws/install/ecl_sigslots_lite:/home/alumnos/angelfr/kobuki_ws/install/ecl_mpl:/home/alumnos/angelfr/kobuki_ws/install/ecl_io:/home/alumnos/angelfr/kobuki_ws/install/ecl_exceptions:/home/alumnos/angelfr/kobuki_ws/install/ecl_errors:/home/alumnos/angelfr/kobuki_ws/install/ecl_eigen:/home/alumnos/angelfr/kobuki_ws/install/ecl_converters_lite:/home/alumnos/angelfr/kobuki_ws/install/ecl_console:/home/alumnos/angelfr/kobuki_ws/install/ecl_config:/home/alumnos/angelfr/kobuki_ws/install/ecl_command_line:/home/alumnos/angelfr/kobuki_ws/install/aws_robomaker_small_warehouse_world:/home/alumnos/angelfr/kobuki_ws/install/aws_robomaker_small_house_world:/home/alumnos/angelfr/kobuki_ws/install/aws_robomaker_racetrack_world:/home/alumnos/angelfr/kobuki_ws/install/aws_robomaker_bookstore_world:/home/alumnos/angelfr/kobuki_ws/install/astra_camera_msgs:/opt/ros/jazzy/opt/gz_sim_vendor:/opt/ros/jazzy/opt/gz_sensors_vendor:/opt/ros/jazzy/opt/gz_physics_vendor:/opt/ros/jazzy/opt/sdformat_vendor:/opt/ros/jazzy/opt/gz_gui_vendor:/opt/ros/jazzy/opt/gz_transport_vendor:/opt/ros/jazzy/opt/gz_rendering_vendor:/opt/ros/jazzy/opt/gz_plugin_vendor:/opt/ros/jazzy/opt/gz_fuel_tools_vendor:/opt/ros/jazzy/opt/gz_msgs_vendor:/opt/ros/jazzy/opt/gz_common_vendor:/opt/ros/jazzy/opt/gz_math_vendor:/opt/ros/jazzy/opt/gz_utils_vendor:/opt/ros/jazzy/opt/gz_tools_vendor:/opt/ros/jazzy/opt/gz_ogre_next_vendor:/opt/ros/jazzy/opt/gz_dartsim_vendor:/opt/ros/jazzy/opt/gz_cmake_vendor'}, 'shell': False}
[2.606319] (-) TimerEvent: {}
[2.706527] (-) TimerEvent: {}
[2.806713] (-) TimerEvent: {}
[2.906924] (-) TimerEvent: {}
[3.007134] (-) TimerEvent: {}
[3.107344] (-) TimerEvent: {}
[3.111976] (p5_vff_yolo) StdoutLine: {'line': b'running egg_info\n'}
[3.112347] (p5_vff_yolo) StdoutLine: {'line': b'creating build/p5_vff_yolo/p5_vff_yolo.egg-info\n'}
[3.155485] (p5_vff_yolo) StdoutLine: {'line': b'writing build/p5_vff_yolo/p5_vff_yolo.egg-info/PKG-INFO\n'}
[3.159187] (p5_vff_yolo) StdoutLine: {'line': b'writing dependency_links to build/p5_vff_yolo/p5_vff_yolo.egg-info/dependency_links.txt\n'}
[3.160571] (p5_vff_yolo) StdoutLine: {'line': b'writing entry points to build/p5_vff_yolo/p5_vff_yolo.egg-info/entry_points.txt\n'}
[3.161854] (p5_vff_yolo) StdoutLine: {'line': b'writing requirements to build/p5_vff_yolo/p5_vff_yolo.egg-info/requires.txt\n'}
[3.162991] (p5_vff_yolo) StdoutLine: {'line': b'writing top-level names to build/p5_vff_yolo/p5_vff_yolo.egg-info/top_level.txt\n'}
[3.207454] (-) TimerEvent: {}
[3.307664] (-) TimerEvent: {}
[3.368022] (p5_vff_yolo) StdoutLine: {'line': b"writing manifest file 'build/p5_vff_yolo/p5_vff_yolo.egg-info/SOURCES.txt'\n"}
[3.407764] (-) TimerEvent: {}
[3.507959] (-) TimerEvent: {}
[3.608174] (-) TimerEvent: {}
[3.708386] (-) TimerEvent: {}
[3.808505] (p5_vff_yolo) StdoutLine: {'line': b"reading manifest file 'build/p5_vff_yolo/p5_vff_yolo.egg-info/SOURCES.txt'\n"}
[3.808691] (-) TimerEvent: {}
[3.811302] (p5_vff_yolo) StdoutLine: {'line': b"writing manifest file 'build/p5_vff_yolo/p5_vff_yolo.egg-info/SOURCES.txt'\n"}
[3.813282] (p5_vff_yolo) StdoutLine: {'line': b'running build\n'}
[3.813477] (p5_vff_yolo) StdoutLine: {'line': b'running build_py\n'}
[3.814138] (p5_vff_yolo) StdoutLine: {'line': b'creating /home/alumnos/angelfr/Descargas/ROBOTICA/PRACTICAS/p5-vff-yolo-optimus/p5_vff_yolo/build/p5_vff_yolo/build\n'}
[3.814513] (p5_vff_yolo) StdoutLine: {'line': b'creating /home/alumnos/angelfr/Descargas/ROBOTICA/PRACTICAS/p5-vff-yolo-optimus/p5_vff_yolo/build/p5_vff_yolo/build/lib\n'}
[3.815221] (p5_vff_yolo) StdoutLine: {'line': b'creating /home/alumnos/angelfr/Descargas/ROBOTICA/PRACTICAS/p5-vff-yolo-optimus/p5_vff_yolo/build/p5_vff_yolo/build/lib/p5_vff_yolo\n'}
[3.816666] (p5_vff_yolo) StdoutLine: {'line': b'copying p5_vff_yolo/__init__.py -> /home/alumnos/angelfr/Descargas/ROBOTICA/PRACTICAS/p5-vff-yolo-optimus/p5_vff_yolo/build/p5_vff_yolo/build/lib/p5_vff_yolo\n'}
[3.819096] (p5_vff_yolo) StdoutLine: {'line': b'copying p5_vff_yolo/follow_person_node.py -> /home/alumnos/angelfr/Descargas/ROBOTICA/PRACTICAS/p5-vff-yolo-optimus/p5_vff_yolo/build/p5_vff_yolo/build/lib/p5_vff_yolo\n'}
[3.821873] (p5_vff_yolo) StdoutLine: {'line': b'running install\n'}
[3.828320] (p5_vff_yolo) StdoutLine: {'line': b'running install_lib\n'}
[3.873984] (p5_vff_yolo) StdoutLine: {'line': b'creating /home/alumnos/angelfr/Descargas/ROBOTICA/PRACTICAS/p5-vff-yolo-optimus/p5_vff_yolo/install/p5_vff_yolo/lib/python3.12/site-packages/p5_vff_yolo\n'}
[3.875142] (p5_vff_yolo) StdoutLine: {'line': b'copying /home/alumnos/angelfr/Descargas/ROBOTICA/PRACTICAS/p5-vff-yolo-optimus/p5_vff_yolo/build/p5_vff_yolo/build/lib/p5_vff_yolo/__init__.py -> /home/alumnos/angelfr/Descargas/ROBOTICA/PRACTICAS/p5-vff-yolo-optimus/p5_vff_yolo/install/p5_vff_yolo/lib/python3.12/site-packages/p5_vff_yolo\n'}
[3.877527] (p5_vff_yolo) StdoutLine: {'line': b'copying /home/alumnos/angelfr/Descargas/ROBOTICA/PRACTICAS/p5-vff-yolo-optimus/p5_vff_yolo/build/p5_vff_yolo/build/lib/p5_vff_yolo/follow_person_node.py -> /home/alumnos/angelfr/Descargas/ROBOTICA/PRACTICAS/p5-vff-yolo-optimus/p5_vff_yolo/install/p5_vff_yolo/lib/python3.12/site-packages/p5_vff_yolo\n'}
[3.882750] (p5_vff_yolo) StdoutLine: {'line': b'byte-compiling /home/alumnos/angelfr/Descargas/ROBOTICA/PRACTICAS/p5-vff-yolo-optimus/p5_vff_yolo/install/p5_vff_yolo/lib/python3.12/site-packages/p5_vff_yolo/__init__.py to __init__.cpython-312.pyc\n'}
[3.886699] (p5_vff_yolo) StdoutLine: {'line': b'byte-compiling /home/alumnos/angelfr/Descargas/ROBOTICA/PRACTICAS/p5-vff-yolo-optimus/p5_vff_yolo/install/p5_vff_yolo/lib/python3.12/site-packages/p5_vff_yolo/follow_person_node.py to follow_person_node.cpython-312.pyc\n'}
[3.893166] (p5_vff_yolo) StdoutLine: {'line': b'running install_data\n'}
[3.893982] (p5_vff_yolo) StdoutLine: {'line': b'creating /home/alumnos/angelfr/Descargas/ROBOTICA/PRACTICAS/p5-vff-yolo-optimus/p5_vff_yolo/install/p5_vff_yolo/share/ament_index\n'}
[3.894385] (p5_vff_yolo) StdoutLine: {'line': b'creating /home/alumnos/angelfr/Descargas/ROBOTICA/PRACTICAS/p5-vff-yolo-optimus/p5_vff_yolo/install/p5_vff_yolo/share/ament_index/resource_index\n'}
[3.894986] (p5_vff_yolo) StdoutLine: {'line': b'creating /home/alumnos/angelfr/Descargas/ROBOTICA/PRACTICAS/p5-vff-yolo-optimus/p5_vff_yolo/install/p5_vff_yolo/share/ament_index/resource_index/packages\n'}
[3.896301] (p5_vff_yolo) StdoutLine: {'line': b'copying resource/p5_vff_yolo -> /home/alumnos/angelfr/Descargas/ROBOTICA/PRACTICAS/p5-vff-yolo-optimus/p5_vff_yolo/install/p5_vff_yolo/share/ament_index/resource_index/packages\n'}
[3.898851] (p5_vff_yolo) StdoutLine: {'line': b'copying package.xml -> /home/alumnos/angelfr/Descargas/ROBOTICA/PRACTICAS/p5-vff-yolo-optimus/p5_vff_yolo/install/p5_vff_yolo/share/p5_vff_yolo\n'}
[3.901262] (p5_vff_yolo) StdoutLine: {'line': b'creating /home/alumnos/angelfr/Descargas/ROBOTICA/PRACTICAS/p5-vff-yolo-optimus/p5_vff_yolo/install/p5_vff_yolo/share/p5_vff_yolo/launch\n'}
[3.902382] (p5_vff_yolo) StdoutLine: {'line': b'copying launch/follow_person.launch.py -> /home/alumnos/angelfr/Descargas/ROBOTICA/PRACTICAS/p5-vff-yolo-optimus/p5_vff_yolo/install/p5_vff_yolo/share/p5_vff_yolo/launch\n'}
[3.904965] (p5_vff_yolo) StdoutLine: {'line': b'running install_egg_info\n'}
[3.908759] (-) TimerEvent: {}
[3.949807] (p5_vff_yolo) StdoutLine: {'line': b'Copying build/p5_vff_yolo/p5_vff_yolo.egg-info to /home/alumnos/angelfr/Descargas/ROBOTICA/PRACTICAS/p5-vff-yolo-optimus/p5_vff_yolo/install/p5_vff_yolo/lib/python3.12/site-packages/p5_vff_yolo-0.0.1-py3.12.egg-info\n'}
[3.978872] (p5_vff_yolo) StdoutLine: {'line': b'running install_scripts\n'}
[4.008859] (-) TimerEvent: {}
[4.091495] (p5_vff_yolo) StdoutLine: {'line': b'Installing follow_person_node script to /home/alumnos/angelfr/Descargas/ROBOTICA/PRACTICAS/p5-vff-yolo-optimus/p5_vff_yolo/install/p5_vff_yolo/lib/p5_vff_yolo\n'}
[4.094443] (p5_vff_yolo) StdoutLine: {'line': b"writing list of installed files to '/home/alumnos/angelfr/Descargas/ROBOTICA/PRACTICAS/p5-vff-yolo-optimus/p5_vff_yolo/build/p5_vff_yolo/install.log'\n"}
[4.108982] (-) TimerEvent: {}
[4.136850] (p5_vff_yolo) CommandEnded: {'returncode': 0}
[4.181621] (p5_vff_yolo) JobEnded: {'identifier': 'p5_vff_yolo', 'rc': 0}
[4.185140] (-) EventReactorShutdown: {}
