[0.138s] DEBUG:colcon:Command line arguments: ['/usr/bin/colcon', 'build', '--packages-select', 'p5_vff_yolo']
[0.138s] DEBUG:colcon:Parsed command line arguments: Namespace(log_base=None, log_level=None, verb_name='build', build_base='build', install_base='install', merge_install=False, symlink_install=False, test_result_base=None, continue_on_error=False, executor='parallel', parallel_workers=6, event_handlers=None, ignore_user_meta=False, metas=['./colcon.meta'], base_paths=['.'], packages_ignore=None, packages_ignore_regex=None, paths=None, packages_up_to=None, packages_up_to_regex=None, packages_above=None, packages_above_and_dependencies=None, packages_above_depth=None, packages_select_by_dep=None, packages_skip_by_dep=None, packages_skip_up_to=None, packages_select_build_failed=False, packages_skip_build_finished=False, packages_select_test_failures=False, packages_skip_test_passed=False, packages_select=['p5_vff_yolo'], packages_skip=None, packages_select_regex=None, packages_skip_regex=None, packages_start=None, packages_end=None, allow_overriding=[], cmake_args=None, cmake_target=None, cmake_target_skip_unavailable=False, cmake_clean_cache=False, cmake_clean_first=False, cmake_force_configure=False, ament_cmake_args=None, catkin_cmake_args=None, catkin_skip_building_tests=False, verb_parser=<colcon_defaults.argument_parser.defaults.DefaultArgumentsDecorator object at 0x706b1642a270>, verb_extension=<colcon_core.verb.build.BuildVerb object at 0x706b16429f10>, main=<bound method BuildVerb.main of <colcon_core.verb.build.BuildVerb object at 0x706b16429f10>>)
[0.182s] Level 1:colcon.colcon_core.package_discovery:discover_packages(colcon_meta) check parameters
[0.182s] Level 1:colcon.colcon_core.package_discovery:discover_packages(recursive) check parameters
[0.182s] Level 1:colcon.colcon_core.package_discovery:discover_packages(ignore) check parameters
[0.183s] Level 1:colcon.colcon_core.package_discovery:discover_packages(path) check parameters
[0.183s] Level 1:colcon.colcon_core.package_discovery:discover_packages(colcon_meta) discover
[0.183s] Level 1:colcon.colcon_core.package_discovery:discover_packages(recursive) discover
[0.183s] INFO:colcon.colcon_core.package_discovery:Crawling recursively for packages in '/home/alumnos/angelfr/Descargas/ROBOTICA/PRACTICAS/p5-vff-yolo-optimus/p5_vff_yolo'
[0.185s] Level 1:colcon.colcon_core.package_identification:_identify(.) by extensions ['ignore', 'ignore_ament_install']
[0.185s] Level 1:colcon.colcon_core.package_identification:_identify(.) by extension 'ignore'
[0.185s] Level 1:colcon.colcon_core.package_identification:_identify(.) by extension 'ignore_ament_install'
[0.186s] Level 1:colcon.colcon_core.package_identification:_identify(.) by extensions ['colcon_pkg']
[0.186s] Level 1:colcon.colcon_core.package_identification:_identify(.) by extension 'colcon_pkg'
[0.186s] Level 1:colcon.colcon_core.package_identification:_identify(.) by extensions ['colcon_meta']
[0.186s] Level 1:colcon.colcon_core.package_identification:_identify(.) by extension 'colcon_meta'
[0.187s] Level 1:colcon.colcon_core.package_identification:_identify(.) by extensions ['ros']
[0.187s] Level 1:colcon.colcon_core.package_identification:_identify(.) by extension 'ros'
[0.214s] DEBUG:colcon.colcon_core.package_identification:Package '.' with type 'ros.ament_python' and name 'p5_vff_yolo'
[0.214s] Level 1:colcon.colcon_core.package_discovery:discover_packages(recursive) using defaults
[0.215s] Level 1:colcon.colcon_core.package_discovery:discover_packages(ignore) discover
[0.215s] Level 1:colcon.colcon_core.package_discovery:discover_packages(ignore) using defaults
[0.215s] Level 1:colcon.colcon_core.package_discovery:discover_packages(path) discover
[0.215s] Level 1:colcon.colcon_core.package_discovery:discover_packages(path) using defaults
[0.240s] Level 1:colcon.colcon_core.package_discovery:discover_packages(prefix_path) check parameters
[0.240s] Level 1:colcon.colcon_core.package_discovery:discover_packages(prefix_path) discover
[0.477s] DEBUG:colcon.colcon_installed_package_information.package_discovery:Found 52 installed packages in /home/alumnos/angelfr/kobuki_ws/install
[0.488s] DEBUG:colcon.colcon_installed_package_information.package_discovery:Found 512 installed packages in /opt/ros/jazzy
[0.492s] Level 1:colcon.colcon_core.package_discovery:discover_packages(prefix_path) using defaults
[3.317s] Level 5:colcon.colcon_core.verb:set package 'p5_vff_yolo' build argument 'cmake_args' from command line to 'None'
[3.317s] Level 5:colcon.colcon_core.verb:set package 'p5_vff_yolo' build argument 'cmake_target' from command line to 'None'
[3.317s] Level 5:colcon.colcon_core.verb:set package 'p5_vff_yolo' build argument 'cmake_target_skip_unavailable' from command line to 'False'
[3.317s] Level 5:colcon.colcon_core.verb:set package 'p5_vff_yolo' build argument 'cmake_clean_cache' from command line to 'False'
[3.317s] Level 5:colcon.colcon_core.verb:set package 'p5_vff_yolo' build argument 'cmake_clean_first' from command line to 'False'
[3.317s] Level 5:colcon.colcon_core.verb:set package 'p5_vff_yolo' build argument 'cmake_force_configure' from command line to 'False'
[3.317s] Level 5:colcon.colcon_core.verb:set package 'p5_vff_yolo' build argument 'ament_cmake_args' from command line to 'None'
[3.317s] Level 5:colcon.colcon_core.verb:set package 'p5_vff_yolo' build argument 'catkin_cmake_args' from command line to 'None'
[3.317s] Level 5:colcon.colcon_core.verb:set package 'p5_vff_yolo' build argument 'catkin_skip_building_tests' from command line to 'False'
[3.317s] DEBUG:colcon.colcon_core.verb:Building package 'p5_vff_yolo' with the following arguments: {'ament_cmake_args': None, 'build_base': '/home/alumnos/angelfr/Descargas/ROBOTICA/PRACTICAS/p5-vff-yolo-optimus/p5_vff_yolo/build/p5_vff_yolo', 'catkin_cmake_args': None, 'catkin_skip_building_tests': False, 'cmake_args': None, 'cmake_clean_cache': False, 'cmake_clean_first': False, 'cmake_force_configure': False, 'cmake_target': None, 'cmake_target_skip_unavailable': False, 'install_base': '/home/alumnos/angelfr/Descargas/ROBOTICA/PRACTICAS/p5-vff-yolo-optimus/p5_vff_yolo/install/p5_vff_yolo', 'merge_install': False, 'path': '/home/alumnos/angelfr/Descargas/ROBOTICA/PRACTICAS/p5-vff-yolo-optimus/p5_vff_yolo', 'symlink_install': False, 'test_result_base': None}
[3.317s] INFO:colcon.colcon_core.executor:Executing jobs using 'parallel' executor
[3.318s] DEBUG:colcon.colcon_parallel_executor.executor.parallel:run_until_complete
[3.318s] INFO:colcon.colcon_ros.task.ament_python.build:Building ROS package in '/home/alumnos/angelfr/Descargas/ROBOTICA/PRACTICAS/p5-vff-yolo-optimus/p5_vff_yolo' with build type 'ament_python'
[3.319s] Level 1:colcon.colcon_core.shell:create_environment_hook('p5_vff_yolo', 'ament_prefix_path')
[3.326s] INFO:colcon.colcon_core.plugin_system:Skipping extension 'colcon_core.shell.bat': Not used on non-Windows systems
[3.326s] INFO:colcon.colcon_core.shell:Creating environment hook '/home/alumnos/angelfr/Descargas/ROBOTICA/PRACTICAS/p5-vff-yolo-optimus/p5_vff_yolo/install/p5_vff_yolo/share/p5_vff_yolo/hook/ament_prefix_path.ps1'
[3.333s] INFO:colcon.colcon_core.shell:Creating environment descriptor '/home/alumnos/angelfr/Descargas/ROBOTICA/PRACTICAS/p5-vff-yolo-optimus/p5_vff_yolo/install/p5_vff_yolo/share/p5_vff_yolo/hook/ament_prefix_path.dsv'
[3.335s] INFO:colcon.colcon_core.shell:Creating environment hook '/home/alumnos/angelfr/Descargas/ROBOTICA/PRACTICAS/p5-vff-yolo-optimus/p5_vff_yolo/install/p5_vff_yolo/share/p5_vff_yolo/hook/ament_prefix_path.sh'
[3.338s] INFO:colcon.colcon_core.shell:Skip shell extension 'powershell' for command environment: Not usable outside of PowerShell
[3.338s] DEBUG:colcon.colcon_core.shell:Skip shell extension 'dsv' for command environment
[3.929s] INFO:colcon.colcon_core.task.python.build:Building Python package in '/home/alumnos/angelfr/Descargas/ROBOTICA/PRACTICAS/p5-vff-yolo-optimus/p5_vff_yolo'
[3.929s] INFO:colcon.colcon_core.shell:Skip shell extension 'powershell' for command environment: Not usable outside of PowerShell
[3.930s] DEBUG:colcon.colcon_core.shell:Skip shell extension 'dsv' for command environment
[5.902s] DEBUG:colcon.colcon_core.event_handler.log_command:Invoking command in '/home/alumnos/angelfr/Descargas/ROBOTICA/PRACTICAS/p5-vff-yolo-optimus/p5_vff_yolo': DEBUGINFOD_URLS=https://debuginfod.ubuntu.com PYTHONPATH=/home/alumnos/angelfr/Descargas/ROBOTICA/PRACTICAS/p5-vff-yolo-optimus/p5_vff_yolo/build/p5_vff_yolo/prefix_override:/usr/lib/python3/dist-packages/colcon_core/task/python/colcon_distutils_commands:/home/alumnos/angelfr/Descargas/ROBOTICA/PRACTICAS/p5-vff-yolo-optimus/p5_vff_yolo/install/p5_vff_yolo/lib/python3.12/site-packages:${PYTHONPATH} /usr/bin/python3 -W ignore:setup.py install is deprecated -W ignore:easy_install command is deprecated setup.py egg_info --egg-base build/p5_vff_yolo build --build-base /home/alumnos/angelfr/Descargas/ROBOTICA/PRACTICAS/p5-vff-yolo-optimus/p5_vff_yolo/build/p5_vff_yolo/build install --record /home/alumnos/angelfr/Descargas/ROBOTICA/PRACTICAS/p5-vff-yolo-optimus/p5_vff_yolo/build/p5_vff_yolo/install.log --single-version-externally-managed install_data
[7.455s] DEBUG:colcon.colcon_core.event_handler.log_command:Invoked command in '/home/alumnos/angelfr/Descargas/ROBOTICA/PRACTICAS/p5-vff-yolo-optimus/p5_vff_yolo' returned '0': DEBUGINFOD_URLS=https://debuginfod.ubuntu.com PYTHONPATH=/home/alumnos/angelfr/Descargas/ROBOTICA/PRACTICAS/p5-vff-yolo-optimus/p5_vff_yolo/build/p5_vff_yolo/prefix_override:/usr/lib/python3/dist-packages/colcon_core/task/python/colcon_distutils_commands:/home/alumnos/angelfr/Descargas/ROBOTICA/PRACTICAS/p5-vff-yolo-optimus/p5_vff_yolo/install/p5_vff_yolo/lib/python3.12/site-packages:${PYTHONPATH} /usr/bin/python3 -W ignore:setup.py install is deprecated -W ignore:easy_install command is deprecated setup.py egg_info --egg-base build/p5_vff_yolo build --build-base /home/alumnos/angelfr/Descargas/ROBOTICA/PRACTICAS/p5-vff-yolo-optimus/p5_vff_yolo/build/p5_vff_yolo/build install --record /home/alumnos/angelfr/Descargas/ROBOTICA/PRACTICAS/p5-vff-yolo-optimus/p5_vff_yolo/build/p5_vff_yolo/install.log --single-version-externally-managed install_data
[7.459s] Level 1:colcon.colcon_core.environment:checking '/home/alumnos/angelfr/Descargas/ROBOTICA/PRACTICAS/p5-vff-yolo-optimus/p5_vff_yolo/install/p5_vff_yolo' for CMake module files
[7.463s] Level 1:colcon.colcon_core.environment:checking '/home/alumnos/angelfr/Descargas/ROBOTICA/PRACTICAS/p5-vff-yolo-optimus/p5_vff_yolo/install/p5_vff_yolo' for CMake config files
[7.471s] Level 1:colcon.colcon_core.environment:checking '/home/alumnos/angelfr/Descargas/ROBOTICA/PRACTICAS/p5-vff-yolo-optimus/p5_vff_yolo/install/p5_vff_yolo/lib'
[7.471s] Level 1:colcon.colcon_core.environment:checking '/home/alumnos/angelfr/Descargas/ROBOTICA/PRACTICAS/p5-vff-yolo-optimus/p5_vff_yolo/install/p5_vff_yolo/bin'
[7.471s] Level 1:colcon.colcon_core.environment:checking '/home/alumnos/angelfr/Descargas/ROBOTICA/PRACTICAS/p5-vff-yolo-optimus/p5_vff_yolo/install/p5_vff_yolo/lib/pkgconfig/p5_vff_yolo.pc'
[7.472s] Level 1:colcon.colcon_core.environment:checking '/home/alumnos/angelfr/Descargas/ROBOTICA/PRACTICAS/p5-vff-yolo-optimus/p5_vff_yolo/install/p5_vff_yolo/lib/python3.12/site-packages'
[7.472s] Level 1:colcon.colcon_core.shell:create_environment_hook('p5_vff_yolo', 'pythonpath')
[7.473s] INFO:colcon.colcon_core.shell:Creating environment hook '/home/alumnos/angelfr/Descargas/ROBOTICA/PRACTICAS/p5-vff-yolo-optimus/p5_vff_yolo/install/p5_vff_yolo/share/p5_vff_yolo/hook/pythonpath.ps1'
[7.476s] INFO:colcon.colcon_core.shell:Creating environment descriptor '/home/alumnos/angelfr/Descargas/ROBOTICA/PRACTICAS/p5-vff-yolo-optimus/p5_vff_yolo/install/p5_vff_yolo/share/p5_vff_yolo/hook/pythonpath.dsv'
[7.478s] INFO:colcon.colcon_core.shell:Creating environment hook '/home/alumnos/angelfr/Descargas/ROBOTICA/PRACTICAS/p5-vff-yolo-optimus/p5_vff_yolo/install/p5_vff_yolo/share/p5_vff_yolo/hook/pythonpath.sh'
[7.480s] Level 1:colcon.colcon_core.environment:checking '/home/alumnos/angelfr/Descargas/ROBOTICA/PRACTICAS/p5-vff-yolo-optimus/p5_vff_yolo/install/p5_vff_yolo/bin'
[7.480s] Level 1:colcon.colcon_core.environment:create_environment_scripts_only(p5_vff_yolo)
[7.480s] INFO:colcon.colcon_core.shell:Creating package script '/home/alumnos/angelfr/Descargas/ROBOTICA/PRACTICAS/p5-vff-yolo-optimus/p5_vff_yolo/install/p5_vff_yolo/share/p5_vff_yolo/package.ps1'
[7.483s] INFO:colcon.colcon_core.shell:Creating package descriptor '/home/alumnos/angelfr/Descargas/ROBOTICA/PRACTICAS/p5-vff-yolo-optimus/p5_vff_yolo/install/p5_vff_yolo/share/p5_vff_yolo/package.dsv'
[7.485s] INFO:colcon.colcon_core.shell:Creating package script '/home/alumnos/angelfr/Descargas/ROBOTICA/PRACTICAS/p5-vff-yolo-optimus/p5_vff_yolo/install/p5_vff_yolo/share/p5_vff_yolo/package.sh'
[7.489s] INFO:colcon.colcon_core.shell:Creating package script '/home/alumnos/angelfr/Descargas/ROBOTICA/PRACTICAS/p5-vff-yolo-optimus/p5_vff_yolo/install/p5_vff_yolo/share/p5_vff_yolo/package.bash'
[7.493s] INFO:colcon.colcon_core.shell:Creating package script '/home/alumnos/angelfr/Descargas/ROBOTICA/PRACTICAS/p5-vff-yolo-optimus/p5_vff_yolo/install/p5_vff_yolo/share/p5_vff_yolo/package.zsh'
[7.496s] Level 1:colcon.colcon_core.environment:create_file_with_runtime_dependencies(/home/alumnos/angelfr/Descargas/ROBOTICA/PRACTICAS/p5-vff-yolo-optimus/p5_vff_yolo/install/p5_vff_yolo/share/colcon-core/packages/p5_vff_yolo)
[7.500s] DEBUG:colcon.colcon_parallel_executor.executor.parallel:closing loop
[7.500s] DEBUG:colcon.colcon_parallel_executor.executor.parallel:loop closed
[7.500s] DEBUG:colcon.colcon_parallel_executor.executor.parallel:run_until_complete finished with '0'
[7.500s] DEBUG:colcon.colcon_core.event_reactor:joining thread
[7.577s] INFO:colcon.colcon_core.plugin_system:Skipping extension 'colcon_notification.desktop_notification.terminal_notifier': Not used on non-Darwin systems
[7.577s] INFO:colcon.colcon_core.plugin_system:Skipping extension 'colcon_notification.desktop_notification.win32': Not used on non-Windows systems
[7.577s] INFO:colcon.colcon_notification.desktop_notification:Sending desktop notification using 'notify2'
[7.639s] DEBUG:colcon.colcon_core.event_reactor:joined thread
[7.639s] INFO:colcon.colcon_core.shell:Creating prefix script '/home/alumnos/angelfr/Descargas/ROBOTICA/PRACTICAS/p5-vff-yolo-optimus/p5_vff_yolo/install/local_setup.ps1'
[7.644s] INFO:colcon.colcon_core.shell:Creating prefix util module '/home/alumnos/angelfr/Descargas/ROBOTICA/PRACTICAS/p5-vff-yolo-optimus/p5_vff_yolo/install/_local_setup_util_ps1.py'
[7.650s] INFO:colcon.colcon_core.shell:Creating prefix chain script '/home/alumnos/angelfr/Descargas/ROBOTICA/PRACTICAS/p5-vff-yolo-optimus/p5_vff_yolo/install/setup.ps1'
[7.685s] INFO:colcon.colcon_core.shell:Creating prefix script '/home/alumnos/angelfr/Descargas/ROBOTICA/PRACTICAS/p5-vff-yolo-optimus/p5_vff_yolo/install/local_setup.sh'
[7.687s] INFO:colcon.colcon_core.shell:Creating prefix util module '/home/alumnos/angelfr/Descargas/ROBOTICA/PRACTICAS/p5-vff-yolo-optimus/p5_vff_yolo/install/_local_setup_util_sh.py'
[7.691s] INFO:colcon.colcon_core.shell:Creating prefix chain script '/home/alumnos/angelfr/Descargas/ROBOTICA/PRACTICAS/p5-vff-yolo-optimus/p5_vff_yolo/install/setup.sh'
[7.715s] INFO:colcon.colcon_core.shell:Creating prefix script '/home/alumnos/angelfr/Descargas/ROBOTICA/PRACTICAS/p5-vff-yolo-optimus/p5_vff_yolo/install/local_setup.bash'
[7.718s] INFO:colcon.colcon_core.shell:Creating prefix chain script '/home/alumnos/angelfr/Descargas/ROBOTICA/PRACTICAS/p5-vff-yolo-optimus/p5_vff_yolo/install/setup.bash'
[7.741s] INFO:colcon.colcon_core.shell:Creating prefix script '/home/alumnos/angelfr/Descargas/ROBOTICA/PRACTICAS/p5-vff-yolo-optimus/p5_vff_yolo/install/local_setup.zsh'
[7.743s] INFO:colcon.colcon_core.shell:Creating prefix chain script '/home/alumnos/angelfr/Descargas/ROBOTICA/PRACTICAS/p5-vff-yolo-optimus/p5_vff_yolo/install/setup.zsh'
