running egg_info
creating build/p5_vff_yolo/p5_vff_yolo.egg-info
writing build/p5_vff_yolo/p5_vff_yolo.egg-info/PKG-INFO
writing dependency_links to build/p5_vff_yolo/p5_vff_yolo.egg-info/dependency_links.txt
writing entry points to build/p5_vff_yolo/p5_vff_yolo.egg-info/entry_points.txt
writing requirements to build/p5_vff_yolo/p5_vff_yolo.egg-info/requires.txt
writing top-level names to build/p5_vff_yolo/p5_vff_yolo.egg-info/top_level.txt
writing manifest file 'build/p5_vff_yolo/p5_vff_yolo.egg-info/SOURCES.txt'
reading manifest file 'build/p5_vff_yolo/p5_vff_yolo.egg-info/SOURCES.txt'
writing manifest file 'build/p5_vff_yolo/p5_vff_yolo.egg-info/SOURCES.txt'
running build
running build_py
creating /home/alumnos/angelfr/Descargas/ROBOTICA/PRACTICAS/p5-vff-yolo-optimus/p5_vff_yolo/build/p5_vff_yolo/build
creating /home/alumnos/angelfr/Descargas/ROBOTICA/PRACTICAS/p5-vff-yolo-optimus/p5_vff_yolo/build/p5_vff_yolo/build/lib
creating /home/alumnos/angelfr/Descargas/ROBOTICA/PRACTICAS/p5-vff-yolo-optimus/p5_vff_yolo/build/p5_vff_yolo/build/lib/p5_vff_yolo
copying p5_vff_yolo/__init__.py -> /home/alumnos/angelfr/Descargas/ROBOTICA/PRACTICAS/p5-vff-yolo-optimus/p5_vff_yolo/build/p5_vff_yolo/build/lib/p5_vff_yolo
copying p5_vff_yolo/follow_person_node.py -> /home/alumnos/angelfr/Descargas/ROBOTICA/PRACTICAS/p5-vff-yolo-optimus/p5_vff_yolo/build/p5_vff_yolo/build/lib/p5_vff_yolo
running install
running install_lib
creating /home/alumnos/angelfr/Descargas/ROBOTICA/PRACTICAS/p5-vff-yolo-optimus/p5_vff_yolo/install/p5_vff_yolo/lib/python3.12/site-packages/p5_vff_yolo
copying /home/alumnos/angelfr/Descargas/ROBOTICA/PRACTICAS/p5-vff-yolo-optimus/p5_vff_yolo/build/p5_vff_yolo/build/lib/p5_vff_yolo/__init__.py -> /home/alumnos/angelfr/Descargas/ROBOTICA/PRACTICAS/p5-vff-yolo-optimus/p5_vff_yolo/install/p5_vff_yolo/lib/python3.12/site-packages/p5_vff_yolo
copying /home/alumnos/angelfr/Descargas/ROBOTICA/PRACTICAS/p5-vff-yolo-optimus/p5_vff_yolo/build/p5_vff_yolo/build/lib/p5_vff_yolo/follow_person_node.py -> /home/alumnos/angelfr/Descargas/ROBOTICA/PRACTICAS/p5-vff-yolo-optimus/p5_vff_yolo/install/p5_vff_yolo/lib/python3.12/site-packages/p5_vff_yolo
byte-compiling /home/alumnos/angelfr/Descargas/ROBOTICA/PRACTICAS/p5-vff-yolo-optimus/p5_vff_yolo/install/p5_vff_yolo/lib/python3.12/site-packages/p5_vff_yolo/__init__.py to __init__.cpython-312.pyc
byte-compiling /home/alumnos/angelfr/Descargas/ROBOTICA/PRACTICAS/p5-vff-yolo-optimus/p5_vff_yolo/install/p5_vff_yolo/lib/python3.12/site-packages/p5_vff_yolo/follow_person_node.py to follow_person_node.cpython-312.pyc
running install_data
creating /home/alumnos/angelfr/Descargas/ROBOTICA/PRACTICAS/p5-vff-yolo-optimus/p5_vff_yolo/install/p5_vff_yolo/share/ament_index
creating /home/alumnos/angelfr/Descargas/ROBOTICA/PRACTICAS/p5-vff-yolo-optimus/p5_vff_yolo/install/p5_vff_yolo/share/ament_index/resource_index
creating /home/alumnos/angelfr/Descargas/ROBOTICA/PRACTICAS/p5-vff-yolo-optimus/p5_vff_yolo/install/p5_vff_yolo/share/ament_index/resource_index/packages
copying resource/p5_vff_yolo -> /home/alumnos/angelfr/Descargas/ROBOTICA/PRACTICAS/p5-vff-yolo-optimus/p5_vff_yolo/install/p5_vff_yolo/share/ament_index/resource_index/packages
copying package.xml -> /home/alumnos/angelfr/Descargas/ROBOTICA/PRACTICAS/p5-vff-yolo-optimus/p5_vff_yolo/install/p5_vff_yolo/share/p5_vff_yolo
creating /home/alumnos/angelfr/Descargas/ROBOTICA/PRACTICAS/p5-vff-yolo-optimus/p5_vff_yolo/install/p5_vff_yolo/share/p5_vff_yolo/launch
copying launch/follow_person.launch.py -> /home/alumnos/angelfr/Descargas/ROBOTICA/PRACTICAS/p5-vff-yolo-optimus/p5_vff_yolo/install/p5_vff_yolo/share/p5_vff_yolo/launch
running install_egg_info
Copying build/p5_vff_yolo/p5_vff_yolo.egg-info to /home/alumnos/angelfr/Descargas/ROBOTICA/PRACTICAS/p5-vff-yolo-optimus/p5_vff_yolo/install/p5_vff_yolo/lib/python3.12/site-packages/p5_vff_yolo-0.0.1-py3.12.egg-info
running install_scripts
Installing follow_person_node script to /home/alumnos/angelfr/Descargas/ROBOTICA/PRACTICAS/p5-vff-yolo-optimus/p5_vff_yolo/install/p5_vff_yolo/lib/p5_vff_yolo
writing list of installed files to '/home/alumnos/angelfr/Descargas/ROBOTICA/PRACTICAS/p5-vff-yolo-optimus/p5_vff_yolo/build/p5_vff_yolo/install.log'
